Started GET "/" for 127.0.0.1 at 2022-03-17 07:03:03 +0100
  [1m[35m (4.5ms)[0m  [1m[34mSELECT sqlite_version(*)[0m
Processing by Rails::WelcomeController#index as HTML
  Rendering /home/vdanilo/.rbenv/versions/3.0.3/lib/ruby/gems/3.0.0/gems/railties-7.0.2.3/lib/rails/templates/rails/welcome/index.html.erb
  Rendered /home/vdanilo/.rbenv/versions/3.0.3/lib/ruby/gems/3.0.0/gems/railties-7.0.2.3/lib/rails/templates/rails/welcome/index.html.erb (Duration: 4.6ms | Allocations: 832)
Completed 200 OK in 40ms (Views: 18.3ms | ActiveRecord: 0.0ms | Allocations: 7645)


Started GET "/" for 127.0.0.1 at 2022-03-17 07:13:51 +0100
  [1m[35m (1.0ms)[0m  [1m[34mSELECT sqlite_version(*)[0m
Processing by Rails::WelcomeController#index as HTML
  Rendering /home/vdanilo/.rbenv/versions/3.0.3/lib/ruby/gems/3.0.0/gems/railties-7.0.2.3/lib/rails/templates/rails/welcome/index.html.erb
  Rendered /home/vdanilo/.rbenv/versions/3.0.3/lib/ruby/gems/3.0.0/gems/railties-7.0.2.3/lib/rails/templates/rails/welcome/index.html.erb (Duration: 3.3ms | Allocations: 727)
Completed 200 OK in 19ms (Views: 8.8ms | ActiveRecord: 0.0ms | Allocations: 6388)


Started GET "/" for 127.0.0.1 at 2022-03-17 07:15:41 +0100
Processing by ArticlesController#index as HTML
  Rendering layout layouts/application.html.erb
  Rendering articles/index.html.erb within layouts/application
  Rendered articles/index.html.erb within layouts/application (Duration: 0.7ms | Allocations: 145)
  Rendered layout layouts/application.html.erb (Duration: 525.4ms | Allocations: 91053)
Completed 200 OK in 530ms (Views: 528.3ms | Allocations: 92344)


  [1m[35m (1.1ms)[0m  [1m[34mSELECT sqlite_version(*)[0m
  [1m[35m (4.2ms)[0m  [1m[35mCREATE TABLE "schema_migrations" ("version" varchar NOT NULL PRIMARY KEY)[0m
  [1m[35m (7.2ms)[0m  [1m[35mCREATE TABLE "ar_internal_metadata" ("key" varchar NOT NULL PRIMARY KEY, "value" varchar, "created_at" datetime(6) NOT NULL, "updated_at" datetime(6) NOT NULL)[0m
  [1m[36mActiveRecord::SchemaMigration Pluck (0.2ms)[0m  [1m[34mSELECT "schema_migrations"."version" FROM "schema_migrations" ORDER BY "schema_migrations"."version" ASC[0m
Migrating to CreateArticles (20220317061816)
  [1m[36mTRANSACTION (0.1ms)[0m  [1m[36mbegin transaction[0m
  [1m[35m (0.5ms)[0m  [1m[35mCREATE TABLE "articles" ("id" integer PRIMARY KEY AUTOINCREMENT NOT NULL, "title" varchar, "body" text, "created_at" datetime(6) NOT NULL, "updated_at" datetime(6) NOT NULL)[0m
  [1m[36mActiveRecord::SchemaMigration Create (0.3ms)[0m  [1m[32mINSERT INTO "schema_migrations" ("version") VALUES (?)[0m  [["version", "20220317061816"]]
  [1m[36mTRANSACTION (5.0ms)[0m  [1m[36mcommit transaction[0m
  [1m[36mActiveRecord::InternalMetadata Load (0.3ms)[0m  [1m[34mSELECT "ar_internal_metadata".* FROM "ar_internal_metadata" WHERE "ar_internal_metadata"."key" = ? LIMIT ?[0m  [["key", "environment"], ["LIMIT", 1]]
  [1m[36mTRANSACTION (0.1ms)[0m  [1m[36mbegin transaction[0m
  [1m[36mActiveRecord::InternalMetadata Create (0.3ms)[0m  [1m[32mINSERT INTO "ar_internal_metadata" ("key", "value", "created_at", "updated_at") VALUES (?, ?, ?, ?)[0m  [["key", "environment"], ["value", "development"], ["created_at", "2022-03-17 06:21:00.803437"], ["updated_at", "2022-03-17 06:21:00.803437"]]
  [1m[36mTRANSACTION (3.4ms)[0m  [1m[36mcommit transaction[0m
  [1m[35m (0.1ms)[0m  [1m[34mSELECT sqlite_version(*)[0m
  [1m[36mActiveRecord::SchemaMigration Pluck (0.1ms)[0m  [1m[34mSELECT "schema_migrations"."version" FROM "schema_migrations" ORDER BY "schema_migrations"."version" ASC[0m
  [1m[35m (1.2ms)[0m  [1m[34mSELECT sqlite_version(*)[0m
  [1m[36mTRANSACTION (0.1ms)[0m  [1m[36mbegin transaction[0m
  [1m[36mArticle Create (0.4ms)[0m  [1m[32mINSERT INTO "articles" ("title", "body", "created_at", "updated_at") VALUES (?, ?, ?, ?)[0m  [["title", "Hello Rails"], ["body", "I am on Rails!"], ["created_at", "2022-03-17 06:24:22.798840"], ["updated_at", "2022-03-17 06:24:22.798840"]]
  [1m[36mTRANSACTION (5.1ms)[0m  [1m[36mcommit transaction[0m
  [1m[36mArticle Load (0.4ms)[0m  [1m[34mSELECT "articles".* FROM "articles" WHERE "articles"."id" = ? LIMIT ?[0m  [["id", 1], ["LIMIT", 1]]
  [1m[36mArticle Load (0.3ms)[0m  [1m[34mSELECT "articles".* FROM "articles"[0m
Started GET "/" for 127.0.0.1 at 2022-03-17 07:35:53 +0100
  [1m[35m (1.4ms)[0m  [1m[34mSELECT sqlite_version(*)[0m
  [1m[36mActiveRecord::SchemaMigration Pluck (0.3ms)[0m  [1m[34mSELECT "schema_migrations"."version" FROM "schema_migrations" ORDER BY "schema_migrations"."version" ASC[0m
Processing by ArticlesController#index as HTML
  Rendering layout layouts/application.html.erb
  Rendering articles/index.html.erb within layouts/application
  [1m[36mArticle Load (0.4ms)[0m  [1m[34mSELECT "articles".* FROM "articles"[0m
  ↳ app/views/articles/index.html.erb:4
  Rendered articles/index.html.erb within layouts/application (Duration: 24.0ms | Allocations: 5937)
  Rendered layout layouts/application.html.erb (Duration: 152.2ms | Allocations: 39935)
Completed 200 OK in 179ms (Views: 156.2ms | ActiveRecord: 1.6ms | Allocations: 46516)


Started GET "/" for 127.0.0.1 at 2022-03-17 07:41:05 +0100
Processing by ArticlesController#index as HTML
  Rendering layout layouts/application.html.erb
  Rendering articles/index.html.erb within layouts/application
  [1m[35m (0.2ms)[0m  [1m[34mSELECT sqlite_version(*)[0m
  ↳ app/views/articles/index.html.erb:4
  [1m[36mArticle Load (0.3ms)[0m  [1m[34mSELECT "articles".* FROM "articles"[0m
  ↳ app/views/articles/index.html.erb:4
  Rendered articles/index.html.erb within layouts/application (Duration: 13.9ms | Allocations: 2978)
  Rendered layout layouts/application.html.erb (Duration: 49.2ms | Allocations: 16827)
Completed 200 OK in 56ms (Views: 52.3ms | ActiveRecord: 2.0ms | Allocations: 18750)


Started GET "/" for 127.0.0.1 at 2022-03-17 07:43:15 +0100
Processing by ArticlesController#index as HTML
  Rendering layout layouts/application.html.erb
  Rendering articles/index.html.erb within layouts/application
  [1m[36mArticle Load (0.3ms)[0m  [1m[34mSELECT "articles".* FROM "articles"[0m
  ↳ app/views/articles/index.html.erb:4
  Rendered articles/index.html.erb within layouts/application (Duration: 6.2ms | Allocations: 895)
  Rendered layout layouts/application.html.erb (Duration: 42.6ms | Allocations: 3608)
Completed 200 OK in 50ms (Views: 47.1ms | ActiveRecord: 0.3ms | Allocations: 4785)


Started GET "/articles/1" for 127.0.0.1 at 2022-03-17 07:43:16 +0100
Processing by ArticlesController#show as HTML
  Parameters: {"id"=>"1"}
  [1m[36mArticle Load (0.4ms)[0m  [1m[34mSELECT "articles".* FROM "articles" WHERE "articles"."id" = ? LIMIT ?[0m  [["id", 1], ["LIMIT", 1]]
  ↳ app/controllers/articles_controller.rb:8:in `show'
  Rendering layout layouts/application.html.erb
  Rendering articles/show.html.erb within layouts/application
  Rendered articles/show.html.erb within layouts/application (Duration: 1.2ms | Allocations: 199)
  Rendered layout layouts/application.html.erb (Duration: 10.4ms | Allocations: 2587)
Completed 200 OK in 46ms (Views: 11.9ms | ActiveRecord: 0.4ms | Allocations: 9417)


Started GET "/" for 127.0.0.1 at 2022-03-17 08:16:21 +0100
  [1m[35m (3.0ms)[0m  [1m[34mSELECT sqlite_version(*)[0m
  [1m[36mActiveRecord::SchemaMigration Pluck (0.3ms)[0m  [1m[34mSELECT "schema_migrations"."version" FROM "schema_migrations" ORDER BY "schema_migrations"."version" ASC[0m
Processing by ArticlesController#index as HTML
  Rendering layout layouts/application.html.erb
  Rendering articles/index.html.erb within layouts/application
  [1m[36mArticle Load (0.3ms)[0m  [1m[34mSELECT "articles".* FROM "articles"[0m
  ↳ app/views/articles/index.html.erb:4
  Rendered articles/index.html.erb within layouts/application (Duration: 27.3ms | Allocations: 6169)
  Rendered layout layouts/application.html.erb (Duration: 183.7ms | Allocations: 40466)
Completed 200 OK in 216ms (Views: 195.3ms | ActiveRecord: 1.5ms | Allocations: 47264)


Started GET "/articles/new" for 127.0.0.1 at 2022-03-17 08:16:23 +0100
Processing by ArticlesController#new as HTML
  Rendering layout layouts/application.html.erb
  Rendering articles/new.html.erb within layouts/application
  Rendered articles/new.html.erb within layouts/application (Duration: 40.8ms | Allocations: 5162)
  Rendered layout layouts/application.html.erb (Duration: 48.8ms | Allocations: 7335)
Completed 200 OK in 52ms (Views: 50.2ms | ActiveRecord: 0.0ms | Allocations: 7879)


Started GET "/articles/new" for 127.0.0.1 at 2022-03-17 08:16:40 +0100
Processing by ArticlesController#new as HTML
  Rendering layout layouts/application.html.erb
  Rendering articles/new.html.erb within layouts/application
  Rendered articles/new.html.erb within layouts/application (Duration: 6.0ms | Allocations: 903)
  Rendered layout layouts/application.html.erb (Duration: 13.9ms | Allocations: 2954)
Completed 200 OK in 17ms (Views: 16.0ms | ActiveRecord: 0.0ms | Allocations: 3351)


Started POST "/articles" for 127.0.0.1 at 2022-03-17 08:16:47 +0100
Processing by ArticlesController#create as TURBO_STREAM
  Parameters: {"authenticity_token"=>"[FILTERED]", "article"=>{"title"=>"article2", "body"=>"hey there"}, "commit"=>"Create Article"}
  Rendering layout layouts/application.html.erb
  Rendering articles/new.html.erb within layouts/application
  Rendered articles/new.html.erb within layouts/application (Duration: 6.6ms | Allocations: 1894)
  Rendered layout layouts/application.html.erb (Duration: 13.0ms | Allocations: 4094)
Completed 422 Unprocessable Entity in 19ms (Views: 15.7ms | ActiveRecord: 0.0ms | Allocations: 5731)


Started POST "/articles" for 127.0.0.1 at 2022-03-17 08:16:52 +0100
Processing by ArticlesController#create as TURBO_STREAM
  Parameters: {"authenticity_token"=>"[FILTERED]", "article"=>{"title"=>"article2", "body"=>"hey there how are you"}, "commit"=>"Create Article"}
  [1m[36mTRANSACTION (0.1ms)[0m  [1m[36mbegin transaction[0m
  ↳ app/controllers/articles_controller.rb:18:in `create'
  [1m[36mArticle Create (1.2ms)[0m  [1m[32mINSERT INTO "articles" ("title", "body", "created_at", "updated_at") VALUES (?, ?, ?, ?)[0m  [["title", "article2"], ["body", "hey there how are you"], ["created_at", "2022-03-17 07:16:52.976992"], ["updated_at", "2022-03-17 07:16:52.976992"]]
  ↳ app/controllers/articles_controller.rb:18:in `create'
  [1m[36mTRANSACTION (3.4ms)[0m  [1m[36mcommit transaction[0m
  ↳ app/controllers/articles_controller.rb:18:in `create'
Redirected to http://localhost:3000/articles/2
Completed 302 Found in 19ms (ActiveRecord: 4.8ms | Allocations: 3430)


Started GET "/articles/2" for 127.0.0.1 at 2022-03-17 08:16:53 +0100
Processing by ArticlesController#show as TURBO_STREAM
  Parameters: {"id"=>"2"}
  [1m[36mArticle Load (0.3ms)[0m  [1m[34mSELECT "articles".* FROM "articles" WHERE "articles"."id" = ? LIMIT ?[0m  [["id", 2], ["LIMIT", 1]]
  ↳ app/controllers/articles_controller.rb:8:in `show'
  Rendering layout layouts/application.html.erb
  Rendering articles/show.html.erb within layouts/application
  Rendered articles/show.html.erb within layouts/application (Duration: 1.1ms | Allocations: 192)
  Rendered layout layouts/application.html.erb (Duration: 7.7ms | Allocations: 2578)
Completed 200 OK in 35ms (Views: 8.7ms | ActiveRecord: 0.3ms | Allocations: 9341)


Started GET "/" for 127.0.0.1 at 2022-03-17 08:16:59 +0100
Processing by ArticlesController#index as HTML
  Rendering layout layouts/application.html.erb
  Rendering articles/index.html.erb within layouts/application
  [1m[36mArticle Load (0.3ms)[0m  [1m[34mSELECT "articles".* FROM "articles"[0m
  ↳ app/views/articles/index.html.erb:4
  Rendered articles/index.html.erb within layouts/application (Duration: 4.2ms | Allocations: 686)
  Rendered layout layouts/application.html.erb (Duration: 35.8ms | Allocations: 2930)
Completed 200 OK in 38ms (Views: 36.7ms | ActiveRecord: 0.3ms | Allocations: 3274)


Started GET "/" for 127.0.0.1 at 2022-03-17 08:23:27 +0100
Processing by ArticlesController#index as HTML
  Rendering layout layouts/application.html.erb
  Rendering articles/index.html.erb within layouts/application
  [1m[35m (0.1ms)[0m  [1m[34mSELECT sqlite_version(*)[0m
  ↳ app/views/articles/index.html.erb:4
  [1m[36mArticle Load (0.3ms)[0m  [1m[34mSELECT "articles".* FROM "articles"[0m
  ↳ app/views/articles/index.html.erb:4
  Rendered articles/index.html.erb within layouts/application (Duration: 12.7ms | Allocations: 2782)
  Rendered layout layouts/application.html.erb (Duration: 46.1ms | Allocations: 16697)
Completed 200 OK in 54ms (Views: 48.9ms | ActiveRecord: 0.8ms | Allocations: 18788)


Started GET "/articles/2" for 127.0.0.1 at 2022-03-17 08:23:29 +0100
Processing by ArticlesController#show as HTML
  Parameters: {"id"=>"2"}
  [1m[36mArticle Load (0.3ms)[0m  [1m[34mSELECT "articles".* FROM "articles" WHERE "articles"."id" = ? LIMIT ?[0m  [["id", 2], ["LIMIT", 1]]
  ↳ app/controllers/articles_controller.rb:8:in `show'
  Rendering layout layouts/application.html.erb
  Rendering articles/show.html.erb within layouts/application
  Rendered articles/show.html.erb within layouts/application (Duration: 1.3ms | Allocations: 158)
  Rendered layout layouts/application.html.erb (Duration: 8.7ms | Allocations: 2400)
Completed 200 OK in 20ms (Views: 10.5ms | ActiveRecord: 0.3ms | Allocations: 3926)


Started GET "/articles/2" for 127.0.0.1 at 2022-03-17 08:23:56 +0100
Processing by ArticlesController#show as HTML
  Parameters: {"id"=>"2"}
  [1m[36mArticle Load (0.2ms)[0m  [1m[34mSELECT "articles".* FROM "articles" WHERE "articles"."id" = ? LIMIT ?[0m  [["id", 2], ["LIMIT", 1]]
  ↳ app/controllers/articles_controller.rb:8:in `show'
  Rendering layout layouts/application.html.erb
  Rendering articles/show.html.erb within layouts/application
  Rendered articles/show.html.erb within layouts/application (Duration: 1.2ms | Allocations: 292)
  Rendered layout layouts/application.html.erb (Duration: 9.2ms | Allocations: 2961)
Completed 200 OK in 17ms (Views: 12.5ms | ActiveRecord: 0.2ms | Allocations: 4580)


Started GET "/articles/2/edit" for 127.0.0.1 at 2022-03-17 08:23:58 +0100
Processing by ArticlesController#edit as HTML
  Parameters: {"id"=>"2"}
  [1m[36mArticle Load (0.1ms)[0m  [1m[34mSELECT "articles".* FROM "articles" WHERE "articles"."id" = ? LIMIT ?[0m  [["id", 2], ["LIMIT", 1]]
  ↳ app/controllers/articles_controller.rb:26:in `edit'
  Rendering layout layouts/application.html.erb
  Rendering articles/edit.html.erb within layouts/application
  Rendered articles/_form.html.erb (Duration: 5.3ms | Allocations: 1379)
  Rendered articles/edit.html.erb within layouts/application (Duration: 7.2ms | Allocations: 1650)
  Rendered layout layouts/application.html.erb (Duration: 13.5ms | Allocations: 3696)
Completed 200 OK in 19ms (Views: 15.2ms | ActiveRecord: 0.1ms | Allocations: 4627)


Started GET "/articles/2" for 127.0.0.1 at 2022-03-17 08:28:33 +0100
Processing by ArticlesController#show as HTML
  Parameters: {"id"=>"2"}
  [1m[35m (0.1ms)[0m  [1m[34mSELECT sqlite_version(*)[0m
  ↳ app/controllers/articles_controller.rb:8:in `show'
  [1m[36mArticle Load (0.2ms)[0m  [1m[34mSELECT "articles".* FROM "articles" WHERE "articles"."id" = ? LIMIT ?[0m  [["id", 2], ["LIMIT", 1]]
  ↳ app/controllers/articles_controller.rb:8:in `show'
  Rendering layout layouts/application.html.erb
  Rendering articles/show.html.erb within layouts/application
  Rendered articles/show.html.erb within layouts/application (Duration: 2.9ms | Allocations: 373)
  Rendered layout layouts/application.html.erb (Duration: 36.0ms | Allocations: 14281)
Completed 200 OK in 56ms (Views: 38.9ms | ActiveRecord: 1.6ms | Allocations: 19535)


Started DELETE "/articles/2" for 127.0.0.1 at 2022-03-17 08:28:41 +0100
Processing by ArticlesController#destroy as TURBO_STREAM
  Parameters: {"id"=>"2"}
  [1m[36mArticle Load (0.2ms)[0m  [1m[34mSELECT "articles".* FROM "articles" WHERE "articles"."id" = ? LIMIT ?[0m  [["id", 2], ["LIMIT", 1]]
  ↳ app/controllers/articles_controller.rb:40:in `destroy'
  [1m[36mTRANSACTION (0.1ms)[0m  [1m[36mbegin transaction[0m
  ↳ app/controllers/articles_controller.rb:41:in `destroy'
  [1m[36mArticle Destroy (0.5ms)[0m  [1m[31mDELETE FROM "articles" WHERE "articles"."id" = ?[0m  [["id", 2]]
  ↳ app/controllers/articles_controller.rb:41:in `destroy'
  [1m[36mTRANSACTION (5.7ms)[0m  [1m[36mcommit transaction[0m
  ↳ app/controllers/articles_controller.rb:41:in `destroy'
No template found for ArticlesController#destroy, rendering head :no_content
Completed 204 No Content in 19ms (ActiveRecord: 6.5ms | Allocations: 2764)


Started DELETE "/articles/2" for 127.0.0.1 at 2022-03-17 08:28:46 +0100
Processing by ArticlesController#destroy as TURBO_STREAM
  Parameters: {"id"=>"2"}
  [1m[36mArticle Load (0.2ms)[0m  [1m[34mSELECT "articles".* FROM "articles" WHERE "articles"."id" = ? LIMIT ?[0m  [["id", 2], ["LIMIT", 1]]
  ↳ app/controllers/articles_controller.rb:40:in `destroy'
Completed 404 Not Found in 5ms (ActiveRecord: 0.2ms | Allocations: 1150)


  
ActiveRecord::RecordNotFound (Couldn't find Article with 'id'=2):
  
app/controllers/articles_controller.rb:40:in `destroy'
Started GET "/articles/2" for 127.0.0.1 at 2022-03-17 08:28:47 +0100
Processing by ArticlesController#show as HTML
  Parameters: {"id"=>"2"}
  [1m[36mArticle Load (0.2ms)[0m  [1m[34mSELECT "articles".* FROM "articles" WHERE "articles"."id" = ? LIMIT ?[0m  [["id", 2], ["LIMIT", 1]]
  ↳ app/controllers/articles_controller.rb:8:in `show'
Completed 404 Not Found in 5ms (ActiveRecord: 0.2ms | Allocations: 990)


  
ActiveRecord::RecordNotFound (Couldn't find Article with 'id'=2):
  
app/controllers/articles_controller.rb:8:in `show'
Started GET "/" for 127.0.0.1 at 2022-03-17 08:28:58 +0100
Processing by ArticlesController#index as HTML
  Rendering layout layouts/application.html.erb
  Rendering articles/index.html.erb within layouts/application
  [1m[36mArticle Load (0.4ms)[0m  [1m[34mSELECT "articles".* FROM "articles"[0m
  ↳ app/views/articles/index.html.erb:4
  Rendered articles/index.html.erb within layouts/application (Duration: 4.8ms | Allocations: 920)
  Rendered layout layouts/application.html.erb (Duration: 12.5ms | Allocations: 3273)
Completed 200 OK in 15ms (Views: 13.9ms | ActiveRecord: 0.4ms | Allocations: 3697)


Started GET "/articles/new" for 127.0.0.1 at 2022-03-17 08:29:47 +0100
Processing by ArticlesController#new as HTML
  Rendering layout layouts/application.html.erb
  Rendering articles/new.html.erb within layouts/application
  Rendered articles/_form.html.erb (Duration: 6.7ms | Allocations: 1311)
  Rendered articles/new.html.erb within layouts/application (Duration: 9.5ms | Allocations: 1561)
  Rendered layout layouts/application.html.erb (Duration: 16.9ms | Allocations: 3610)
Completed 200 OK in 19ms (Views: 18.1ms | ActiveRecord: 0.0ms | Allocations: 4018)


Started POST "/articles" for 127.0.0.1 at 2022-03-17 08:30:01 +0100
Processing by ArticlesController#create as TURBO_STREAM
  Parameters: {"authenticity_token"=>"[FILTERED]", "article"=>{"title"=>"article2", "body"=>"hey there ahow are yoy"}, "commit"=>"Create Article"}
  [1m[36mTRANSACTION (0.1ms)[0m  [1m[36mbegin transaction[0m
  ↳ app/controllers/articles_controller.rb:18:in `create'
  [1m[36mArticle Create (0.4ms)[0m  [1m[32mINSERT INTO "articles" ("title", "body", "created_at", "updated_at") VALUES (?, ?, ?, ?)[0m  [["title", "article2"], ["body", "hey there ahow are yoy"], ["created_at", "2022-03-17 07:30:01.087060"], ["updated_at", "2022-03-17 07:30:01.087060"]]
  ↳ app/controllers/articles_controller.rb:18:in `create'
  [1m[36mTRANSACTION (3.4ms)[0m  [1m[36mcommit transaction[0m
  ↳ app/controllers/articles_controller.rb:18:in `create'
Redirected to http://localhost:3000/articles/3
Completed 302 Found in 18ms (ActiveRecord: 3.9ms | Allocations: 2534)


Started GET "/articles/3" for 127.0.0.1 at 2022-03-17 08:30:01 +0100
Processing by ArticlesController#show as TURBO_STREAM
  Parameters: {"id"=>"3"}
  [1m[36mArticle Load (0.1ms)[0m  [1m[34mSELECT "articles".* FROM "articles" WHERE "articles"."id" = ? LIMIT ?[0m  [["id", 3], ["LIMIT", 1]]
  ↳ app/controllers/articles_controller.rb:8:in `show'
  Rendering layout layouts/application.html.erb
  Rendering articles/show.html.erb within layouts/application
  Rendered articles/show.html.erb within layouts/application (Duration: 0.5ms | Allocations: 92)
  Rendered layout layouts/application.html.erb (Duration: 7.4ms | Allocations: 2326)
Completed 200 OK in 12ms (Views: 8.3ms | ActiveRecord: 0.1ms | Allocations: 3134)


Started DELETE "/articles/3" for 127.0.0.1 at 2022-03-17 08:30:27 +0100
Processing by ArticlesController#destroy as TURBO_STREAM
  Parameters: {"id"=>"3"}
  [1m[35m (0.1ms)[0m  [1m[34mSELECT sqlite_version(*)[0m
  ↳ app/controllers/articles_controller.rb:40:in `destroy'
  [1m[36mArticle Load (0.2ms)[0m  [1m[34mSELECT "articles".* FROM "articles" WHERE "articles"."id" = ? LIMIT ?[0m  [["id", 3], ["LIMIT", 1]]
  ↳ app/controllers/articles_controller.rb:40:in `destroy'
  [1m[36mTRANSACTION (0.1ms)[0m  [1m[36mbegin transaction[0m
  ↳ app/controllers/articles_controller.rb:41:in `destroy'
  [1m[36mArticle Destroy (0.3ms)[0m  [1m[31mDELETE FROM "articles" WHERE "articles"."id" = ?[0m  [["id", 3]]
  ↳ app/controllers/articles_controller.rb:41:in `destroy'
  [1m[36mTRANSACTION (5.5ms)[0m  [1m[36mcommit transaction[0m
  ↳ app/controllers/articles_controller.rb:41:in `destroy'
Redirected to http://localhost:3000/
Completed 303 See Other in 30ms (ActiveRecord: 7.5ms | Allocations: 6130)


Started GET "/" for 127.0.0.1 at 2022-03-17 08:30:28 +0100
Processing by ArticlesController#index as TURBO_STREAM
  Rendering layout layouts/application.html.erb
  Rendering articles/index.html.erb within layouts/application
  [1m[36mArticle Load (0.2ms)[0m  [1m[34mSELECT "articles".* FROM "articles"[0m
  ↳ app/views/articles/index.html.erb:4
  Rendered articles/index.html.erb within layouts/application (Duration: 3.3ms | Allocations: 829)
  Rendered layout layouts/application.html.erb (Duration: 34.8ms | Allocations: 14558)
Completed 200 OK in 39ms (Views: 37.3ms | ActiveRecord: 0.2ms | Allocations: 15430)


  [1m[35m (1.5ms)[0m  [1m[34mSELECT sqlite_version(*)[0m
  [1m[36mActiveRecord::SchemaMigration Pluck (0.2ms)[0m  [1m[34mSELECT "schema_migrations"."version" FROM "schema_migrations" ORDER BY "schema_migrations"."version" ASC[0m
Migrating to CreateComments (20220317073223)
  [1m[36mTRANSACTION (0.1ms)[0m  [1m[36mbegin transaction[0m
  [1m[35m (0.5ms)[0m  [1m[35mCREATE TABLE "comments" ("id" integer PRIMARY KEY AUTOINCREMENT NOT NULL, "commenter" varchar, "body" text, "article_id" integer NOT NULL, "created_at" datetime(6) NOT NULL, "updated_at" datetime(6) NOT NULL, CONSTRAINT "fk_rails_3bf61a60d3"
FOREIGN KEY ("article_id")
  REFERENCES "articles" ("id")
)[0m
  [1m[35m (0.2ms)[0m  [1m[35mCREATE INDEX "index_comments_on_article_id" ON "comments" ("article_id")[0m
  [1m[36mActiveRecord::SchemaMigration Create (0.3ms)[0m  [1m[32mINSERT INTO "schema_migrations" ("version") VALUES (?)[0m  [["version", "20220317073223"]]
  [1m[36mTRANSACTION (7.1ms)[0m  [1m[36mcommit transaction[0m
  [1m[36mActiveRecord::InternalMetadata Load (0.3ms)[0m  [1m[34mSELECT "ar_internal_metadata".* FROM "ar_internal_metadata" WHERE "ar_internal_metadata"."key" = ? LIMIT ?[0m  [["key", "environment"], ["LIMIT", 1]]
  [1m[35m (0.1ms)[0m  [1m[34mSELECT sqlite_version(*)[0m
  [1m[36mActiveRecord::SchemaMigration Pluck (0.2ms)[0m  [1m[34mSELECT "schema_migrations"."version" FROM "schema_migrations" ORDER BY "schema_migrations"."version" ASC[0m
Started GET "/" for 127.0.0.1 at 2022-03-19 14:02:52 +0100
  [1m[35m (1.8ms)[0m  [1m[34mSELECT sqlite_version(*)[0m
  [1m[36mActiveRecord::SchemaMigration Pluck (0.3ms)[0m  [1m[34mSELECT "schema_migrations"."version" FROM "schema_migrations" ORDER BY "schema_migrations"."version" ASC[0m
Processing by ArticlesController#index as HTML
  Rendering layout layouts/application.html.erb
  Rendering articles/index.html.erb within layouts/application
  [1m[36mArticle Load (0.6ms)[0m  [1m[34mSELECT "articles".* FROM "articles"[0m
  ↳ app/views/articles/index.html.erb:4
  Rendered articles/index.html.erb within layouts/application (Duration: 23.4ms | Allocations: 5696)
  Rendered layout layouts/application.html.erb (Duration: 225.6ms | Allocations: 39954)
Completed 200 OK in 283ms (Views: 232.4ms | ActiveRecord: 1.7ms | Allocations: 48829)


Started GET "/articles/new" for 127.0.0.1 at 2022-03-19 14:02:56 +0100
Processing by ArticlesController#new as HTML
  Rendering layout layouts/application.html.erb
  Rendering articles/new.html.erb within layouts/application
  Rendered articles/_form.html.erb (Duration: 23.2ms | Allocations: 3454)
  Rendered articles/new.html.erb within layouts/application (Duration: 26.4ms | Allocations: 3758)
  Rendered layout layouts/application.html.erb (Duration: 33.6ms | Allocations: 5922)
Completed 200 OK in 36ms (Views: 34.9ms | ActiveRecord: 0.0ms | Allocations: 6465)


Started GET "/articles/1" for 127.0.0.1 at 2022-03-19 14:03:01 +0100
Processing by ArticlesController#show as HTML
  Parameters: {"id"=>"1"}
  [1m[36mArticle Load (0.5ms)[0m  [1m[34mSELECT "articles".* FROM "articles" WHERE "articles"."id" = ? LIMIT ?[0m  [["id", 1], ["LIMIT", 1]]
  ↳ app/controllers/articles_controller.rb:8:in `show'
  Rendering layout layouts/application.html.erb
  Rendering articles/show.html.erb within layouts/application
  [1m[36mComment Load (0.3ms)[0m  [1m[34mSELECT "comments".* FROM "comments" WHERE "comments"."article_id" = ?[0m  [["article_id", 1]]
  ↳ app/views/articles/show.html.erb:14
  Rendered articles/show.html.erb within layouts/application (Duration: 89.7ms | Allocations: 17633)
  Rendered layout layouts/application.html.erb (Duration: 96.5ms | Allocations: 19795)
Completed 200 OK in 108ms (Views: 96.4ms | ActiveRecord: 1.8ms | Allocations: 22888)


Started POST "/articles/1/comments" for 127.0.0.1 at 2022-03-19 14:03:17 +0100
Processing by CommentsController#create as TURBO_STREAM
  Parameters: {"authenticity_token"=>"[FILTERED]", "comment"=>{"commenter"=>"daca", "body"=>"ey\ndhadjad akda\n"}, "commit"=>"Create Comment", "article_id"=>"1"}
  [1m[36mArticle Load (0.2ms)[0m  [1m[34mSELECT "articles".* FROM "articles" WHERE "articles"."id" = ? LIMIT ?[0m  [["id", 1], ["LIMIT", 1]]
  ↳ app/controllers/comments_controller.rb:3:in `create'
  [1m[36mTRANSACTION (0.1ms)[0m  [1m[36mbegin transaction[0m
  ↳ app/controllers/comments_controller.rb:4:in `create'
  [1m[36mComment Create (0.4ms)[0m  [1m[32mINSERT INTO "comments" ("commenter", "body", "article_id", "created_at", "updated_at") VALUES (?, ?, ?, ?, ?)[0m  [["commenter", "daca"], ["body", "ey\ndhadjad akda\n"], ["article_id", 1], ["created_at", "2022-03-19 13:03:17.888589"], ["updated_at", "2022-03-19 13:03:17.888589"]]
  ↳ app/controllers/comments_controller.rb:4:in `create'
  [1m[36mTRANSACTION (3.5ms)[0m  [1m[36mcommit transaction[0m
  ↳ app/controllers/comments_controller.rb:4:in `create'
Redirected to http://localhost:3000/articles/1
Completed 302 Found in 44ms (ActiveRecord: 4.2ms | Allocations: 4701)


Started GET "/articles/1" for 127.0.0.1 at 2022-03-19 14:03:17 +0100
Processing by ArticlesController#show as TURBO_STREAM
  Parameters: {"id"=>"1"}
  [1m[36mArticle Load (0.2ms)[0m  [1m[34mSELECT "articles".* FROM "articles" WHERE "articles"."id" = ? LIMIT ?[0m  [["id", 1], ["LIMIT", 1]]
  ↳ app/controllers/articles_controller.rb:8:in `show'
  Rendering layout layouts/application.html.erb
  Rendering articles/show.html.erb within layouts/application
  [1m[36mComment Load (0.1ms)[0m  [1m[34mSELECT "comments".* FROM "comments" WHERE "comments"."article_id" = ?[0m  [["article_id", 1]]
  ↳ app/views/articles/show.html.erb:14
  Rendered articles/show.html.erb within layouts/application (Duration: 8.1ms | Allocations: 1793)
  Rendered layout layouts/application.html.erb (Duration: 13.9ms | Allocations: 3947)
Completed 200 OK in 18ms (Views: 15.0ms | ActiveRecord: 0.3ms | Allocations: 4846)


Started GET "/posts/1" for 127.0.0.1 at 2022-04-07 18:50:21 +0200
  [1m[35m (3.7ms)[0m  [1m[34mSELECT sqlite_version(*)[0m
  [1m[36mActiveRecord::SchemaMigration Pluck (0.3ms)[0m  [1m[34mSELECT "schema_migrations"."version" FROM "schema_migrations" ORDER BY "schema_migrations"."version" ASC[0m
  
ActionController::RoutingError (No route matches [GET] "/posts/1"):
  
Started GET "/" for 127.0.0.1 at 2022-04-07 18:50:23 +0200
Processing by ArticlesController#index as HTML
  Rendering layout layouts/application.html.erb
  Rendering articles/index.html.erb within layouts/application
  [1m[36mArticle Load (0.3ms)[0m  [1m[34mSELECT "articles".* FROM "articles"[0m
  ↳ app/views/articles/index.html.erb:4
  Rendered articles/index.html.erb within layouts/application (Duration: 27.1ms | Allocations: 5375)
  Rendered layout layouts/application.html.erb (Duration: 171.7ms | Allocations: 39858)
Completed 200 OK in 209ms (Views: 172.9ms | ActiveRecord: 2.1ms | Allocations: 46514)


Started GET "/articles/1" for 127.0.0.1 at 2022-04-07 18:50:25 +0200
Processing by ArticlesController#show as HTML
  Parameters: {"id"=>"1"}
  [1m[36mArticle Load (0.4ms)[0m  [1m[34mSELECT "articles".* FROM "articles" WHERE "articles"."id" = ? LIMIT ?[0m  [["id", 1], ["LIMIT", 1]]
  ↳ app/controllers/articles_controller.rb:8:in `show'
  Rendering layout layouts/application.html.erb
  Rendering articles/show.html.erb within layouts/application
  [1m[36mComment Load (0.3ms)[0m  [1m[34mSELECT "comments".* FROM "comments" WHERE "comments"."article_id" = ?[0m  [["article_id", 1]]
  ↳ app/views/articles/show.html.erb:14
  Rendered articles/show.html.erb within layouts/application (Duration: 109.0ms | Allocations: 16711)
  Rendered layout layouts/application.html.erb (Duration: 117.0ms | Allocations: 18889)
Completed 200 OK in 132ms (Views: 117.3ms | ActiveRecord: 1.7ms | Allocations: 21973)


Started GET "/articles/1" for 127.0.0.1 at 2022-04-07 18:56:32 +0200
Processing by ArticlesController#show as HTML
  Parameters: {"id"=>"1"}
  [1m[35m (0.1ms)[0m  [1m[34mSELECT sqlite_version(*)[0m
  ↳ app/controllers/articles_controller.rb:8:in `show'
  [1m[36mArticle Load (0.3ms)[0m  [1m[34mSELECT "articles".* FROM "articles" WHERE "articles"."id" = ? LIMIT ?[0m  [["id", 1], ["LIMIT", 1]]
  ↳ app/controllers/articles_controller.rb:8:in `show'
  Rendering layout layouts/application.html.erb
  Rendering articles/show.html.erb within layouts/application
  [1m[36mComment Load (0.3ms)[0m  [1m[34mSELECT "comments".* FROM "comments" WHERE "comments"."article_id" = ?[0m  [["article_id", 1]]
  ↳ app/views/articles/show.html.erb:14
  Rendered articles/show.html.erb within layouts/application (Duration: 8.7ms | Allocations: 1892)
  Rendered layout layouts/application.html.erb (Duration: 20.8ms | Allocations: 3935)
Completed 200 OK in 29ms (Views: 21.6ms | ActiveRecord: 1.4ms | Allocations: 5424)


Started GET "/posts/1" for 127.0.0.1 at 2022-04-07 19:59:33 +0200
  [1m[35m (1.1ms)[0m  [1m[34mSELECT sqlite_version(*)[0m
  [1m[36mActiveRecord::SchemaMigration Pluck (0.3ms)[0m  [1m[34mSELECT "schema_migrations"."version" FROM "schema_migrations" ORDER BY "schema_migrations"."version" ASC[0m
  
ActionController::RoutingError (No route matches [GET] "/posts/1"):
  
Started GET "/posts/1" for 127.0.0.1 at 2022-04-07 19:59:36 +0200
  
ActionController::RoutingError (No route matches [GET] "/posts/1"):
  
Started GET "/" for 127.0.0.1 at 2022-04-07 19:59:40 +0200
Processing by ArticlesController#index as HTML
  Rendering layout layouts/application.html.erb
  Rendering articles/index.html.erb within layouts/application
  [1m[36mArticle Load (0.7ms)[0m  [1m[34mSELECT "articles".* FROM "articles"[0m
  ↳ app/views/articles/index.html.erb:4
  Rendered articles/index.html.erb within layouts/application (Duration: 46.6ms | Allocations: 5375)
  Rendered layout layouts/application.html.erb (Duration: 161.0ms | Allocations: 39165)
Completed 200 OK in 195ms (Views: 167.2ms | ActiveRecord: 2.5ms | Allocations: 45822)


Started GET "/articles/1" for 127.0.0.1 at 2022-04-07 19:59:42 +0200
Processing by ArticlesController#show as HTML
  Parameters: {"id"=>"1"}
  [1m[36mArticle Load (0.4ms)[0m  [1m[34mSELECT "articles".* FROM "articles" WHERE "articles"."id" = ? LIMIT ?[0m  [["id", 1], ["LIMIT", 1]]
  ↳ app/controllers/articles_controller.rb:8:in `show'
  Rendering layout layouts/application.html.erb
  Rendering articles/show.html.erb within layouts/application
  [1m[36mComment Load (0.2ms)[0m  [1m[34mSELECT "comments".* FROM "comments" WHERE "comments"."article_id" = ?[0m  [["article_id", 1]]
  ↳ app/views/articles/show.html.erb:14
  Rendered articles/show.html.erb within layouts/application (Duration: 56.4ms | Allocations: 16668)
  Rendered layout layouts/application.html.erb (Duration: 63.6ms | Allocations: 18830)
Completed 200 OK in 74ms (Views: 64.3ms | ActiveRecord: 1.7ms | Allocations: 21916)


Started GET "/articles/1/edit" for 127.0.0.1 at 2022-04-07 19:59:50 +0200
Processing by ArticlesController#edit as HTML
  Parameters: {"id"=>"1"}
  [1m[36mArticle Load (0.2ms)[0m  [1m[34mSELECT "articles".* FROM "articles" WHERE "articles"."id" = ? LIMIT ?[0m  [["id", 1], ["LIMIT", 1]]
  ↳ app/controllers/articles_controller.rb:26:in `edit'
  Rendering layout layouts/application.html.erb
  Rendering articles/edit.html.erb within layouts/application
  Rendered articles/_form.html.erb (Duration: 5.8ms | Allocations: 1434)
  Rendered articles/edit.html.erb within layouts/application (Duration: 7.9ms | Allocations: 1720)
  Rendered layout layouts/application.html.erb (Duration: 16.9ms | Allocations: 3762)
Completed 200 OK in 22ms (Views: 17.9ms | ActiveRecord: 0.2ms | Allocations: 4739)


